2019-12-03 21:02:06 - Userid:123，Module:，Operation:，Result:成功，Request_type:GET，Class:team.weacsoft.classrepair.controller.LoginController，Method:test，Parameter:[{code1=1234}, {code=12}], Reponse:{code=0, message=已连接上塞伯坦星球}
2019-12-03 21:03:31 - Userid:123，Module:，Operation:，Result:成功，Request_type:GET，Class:team.weacsoft.classrepair.controller.LoginController，Method:test，Parameter:[{code1=1234}, {code=12}], Reponse:{code=0, message=已连接上塞伯坦星球}
2019-12-03 21:08:51 - Userid:123，Module:，Operation:，Result:成功，Request_type:GET，Class:team.weacsoft.classrepair.controller.LoginController，Method:test，Parameter:[{code1=1234}, {code=12}], Reponse:{code=0, message=已连接上塞伯坦星球}
2019-12-03 21:09:09 - Userid:123，Module:，Operation:，Result:成功，Request_type:GET，Class:team.weacsoft.classrepair.controller.LoginController，Method:test，Parameter:[{code1=1234}, {code=12}], Reponse:{code=0, message=已连接上塞伯坦星球}
2019-12-03 21:09:18 - Userid:123，Module:，Operation:，Result:成功，Request_type:GET，Class:team.weacsoft.classrepair.controller.LoginController，Method:test，Parameter:[{code1=1234}, {code=12}], Reponse:{code=0, message=已连接上塞伯坦星球}
2019-12-03 21:11:01 - Userid:123，Module:，Operation:，Result:失败->Error creating bean with name 'org.hibernate.validator.internal.constraintvalidators.bv.NotBlankValidator': BeanPostProcessor before instantiation of bean failed; nested exception is org.springframework.beans.factory.BeanCreationException: Error creating bean with name 'org.springframework.transaction.annotation.ProxyTransactionManagementConfiguration': Initialization of bean failed; nested exception is org.springframework.beans.factory.NoSuchBeanDefinitionException: No bean named 'org.springframework.context.annotation.ConfigurationClassPostProcessor.importRegistry' available，Request_type:GET，Class:team.weacsoft.classrepair.controller.LoginController，Method:test，Parameter:[{code1=1234}, {code=12}]
2019-12-03 21:15:08 - Userid:123，Module:，Operation:，Result:成功，Request_type:GET，Class:team.weacsoft.classrepair.controller.LoginController，Method:test，Parameter:{code=12}, Reponse:{code=0, message=已连接上塞伯坦星球}
2019-12-03 21:18:00 - Userid:123，Module:，Operation:，Result:成功，Request_type:GET，Class:team.weacsoft.classrepair.controller.LoginController，Method:test，Parameter:{code=12}, Reponse:{code=0, message=已连接上塞伯坦星球}
2019-12-03 21:19:29 - Userid:123，Module:，Operation:，Result:成功，Request_type:GET，Class:team.weacsoft.classrepair.controller.LoginController，Method:test，Parameter:[{
	"code": "123"
}], Reponse:{code=0, message=已连接上塞伯坦星球}
2019-12-03 21:22:12 - Userid:123，Module:，Operation:，Result:失败->Error creating bean with name 'org.hibernate.validator.internal.constraintvalidators.bv.NotBlankValidator': BeanPostProcessor before instantiation of bean failed; nested exception is org.springframework.beans.factory.BeanCreationException: Error creating bean with name 'org.springframework.transaction.annotation.ProxyTransactionManagementConfiguration': Initialization of bean failed; nested exception is org.springframework.beans.factory.NoSuchBeanDefinitionException: No bean named 'org.springframework.context.annotation.ConfigurationClassPostProcessor.importRegistry' available，Request_type:GET，Class:team.weacsoft.classrepair.controller.LoginController，Method:test，Parameter:[{
	"code": "123"
}]
2019-12-03 21:30:37 - Userid:123，Module:，Operation:，Result:失败->Error creating bean with name 'org.hibernate.validator.internal.constraintvalidators.bv.NotBlankValidator': BeanPostProcessor before instantiation of bean failed; nested exception is org.springframework.beans.factory.BeanCreationException: Error creating bean with name 'org.springframework.transaction.annotation.ProxyTransactionManagementConfiguration': Initialization of bean failed; nested exception is org.springframework.beans.factory.NoSuchBeanDefinitionException: No bean named 'org.springframework.context.annotation.ConfigurationClassPostProcessor.importRegistry' available，Request_type:GET，Class:team.weacsoft.classrepair.controller.LoginController，Method:test，Parameter:null
2019-12-03 21:38:57 - Userid:123，Module:，Operation:，Result:成功，Request_type:GET，Class:team.weacsoft.classrepair.controller.LoginController，Method:test，Parameter:{
	"code": "123"
}, Reponse:{code=0, message=已连接上塞伯坦星球}
2019-12-03 21:41:24 - Userid:123，Module:，Operation:，Result:成功，Request_type:GET，Class:team.weacsoft.classrepair.controller.LoginController，Method:test，Parameter:null, Reponse:{code=0, message=已连接上塞伯坦星球}
2019-12-03 21:43:09 - Userid:123，Module:，Operation:，Result:成功，Request_type:GET，Class:team.weacsoft.classrepair.controller.LoginController，Method:test，Parameter:null, Reponse:{code=0, message=已连接上塞伯坦星球}
2019-12-03 21:43:27 - Userid:123，Module:，Operation:，Result:成功，Request_type:GET，Class:team.weacsoft.classrepair.controller.LoginController，Method:test，Parameter:null, Reponse:{code=0, message=已连接上塞伯坦星球}
2019-12-03 21:56:19 - Userid:123，Module:，Operation:，Result:成功，Request_type:GET，Class:team.weacsoft.classrepair.controller.LoginController，Method:test，Parameter:null, Reponse:{code=0, message=已连接上塞伯坦星球}
2019-12-03 21:59:41 - Userid:123，Module:，Operation:，Result:成功，Request_type:GET，Class:team.weacsoft.classrepair.controller.LoginController，Method:test，Parameter:{"code": "123"}, Reponse:{code=0, message=已连接上塞伯坦星球}
2019-12-03 22:00:40 - Userid:123，Module:未定义，Operation:未定义，Result:成功，Request_type:GET，Class:team.weacsoft.classrepair.controller.LoginController，Method:test，Parameter:{"code": "123"}, Reponse:{code=0, message=已连接上塞伯坦星球}
2019-12-03 22:01:56 - Userid:123，Module:未定义，Operation:未定义，Result:成功，Request_type:GET，Class:team.weacsoft.classrepair.controller.LoginController，Method:test，Parameter:{"code": "123","code1": "1w1312"}, Reponse:{code=0, message=已连接上塞伯坦星球}
2019-12-03 22:03:55 - Userid:123，Module:未定义，Operation:未定义，Result:成功，Request_type:GET，Class:team.weacsoft.classrepair.controller.LoginController，Method:test，Parameter:UserInfo(name=123, phone=1w1312, role=0, avatar=null, nickname=null, password=null, identityId=null, sessionKey=null), Reponse:{code=0, message=已连接上塞伯坦星球}
2019-12-03 22:05:38 - Userid:123，Module:未定义，Operation:未定义，Result:成功，Request_type:GET，Class:team.weacsoft.classrepair.controller.LoginController，Method:test，Parameter:UserInfo(name=123, phone=1w1312, role=0, avatar=null, nickname=null, password=null, identityId=null, sessionKey=null), Reponse:{code=0, message=已连接上塞伯坦星球}
2019-12-03 22:07:52 - Userid:123，Module:未定义，Operation:未定义，Result:成功，Request_type:GET，Class:team.weacsoft.classrepair.controller.LoginController，Method:test，Parameter:[{code=12}, {code1=123}], Reponse:{code=0, message=已连接上塞伯坦星球}
2019-12-03 22:11:56 - Userid:123，Module:未定义，Operation:未定义，Result:失败->Expected a ':' after a key at 6 [character 7 line 1]，Request_type:GET，Class:team.weacsoft.classrepair.controller.LoginController，Method:test，Parameter:[{code=12}, {code1=123}]
2019-12-03 22:13:01 - Userid:123，Module:未定义，Operation:未定义，Result:失败->Expected a ':' after a key at 6 [character 7 line 1]，Request_type:GET，Class:team.weacsoft.classrepair.controller.LoginController，Method:test，Parameter:[{code=12}, {code1=123}]
2019-12-03 22:14:57 - Userid:123，Module:未定义，Operation:未定义，Result:失败->Expected a ':' after a key at 6 [character 7 line 1]，Request_type:GET，Class:team.weacsoft.classrepair.controller.LoginController，Method:test，Parameter:[{code=12}, {code1=123}]
2019-12-03 22:15:48 - Userid:123，Module:未定义，Operation:未定义，Result:失败->Expected a ':' after a key at 6 [character 7 line 1]，Request_type:GET，Class:team.weacsoft.classrepair.controller.LoginController，Method:test，Parameter:[{code=12}, {code1=123}]
2019-12-03 22:17:33 - Userid:123，Module:未定义，Operation:未定义，Result:失败->Expected a ':' after a key at 6 [character 7 line 1]，Request_type:GET，Class:team.weacsoft.classrepair.controller.LoginController，Method:test，Parameter:[{code=12}, {code1=123}]
2019-12-03 22:18:14 - Userid:123，Module:未定义，Operation:未定义，Result:失败->Error creating bean with name 'org.hibernate.validator.internal.constraintvalidators.bv.NotBlankValidator': BeanPostProcessor before instantiation of bean failed; nested exception is org.springframework.beans.factory.BeanCreationException: Error creating bean with name 'org.springframework.transaction.annotation.ProxyTransactionManagementConfiguration': Initialization of bean failed; nested exception is org.springframework.beans.factory.NoSuchBeanDefinitionException: No bean named 'org.springframework.context.annotation.ConfigurationClassPostProcessor.importRegistry' available，Request_type:GET，Class:team.weacsoft.classrepair.controller.LoginController，Method:test，Parameter:[{code=12}, {code1=123}]
2019-12-03 22:19:42 - Userid:123，Module:未定义，Operation:未定义，Result:成功，Request_type:GET，Class:team.weacsoft.classrepair.controller.LoginController，Method:test，Parameter:[{"code": "123"}], Reponse:{code=0, message=已连接上塞伯坦星球}
2019-12-04 08:54:48 - Userid:123456，Module:未定义，Operation:未定义，Result:成功，Request_type:GET，Class:team.weacsoft.classrepair.controller.LoginController，Method:test，Parameter:null, Reponse:{code=0, message=已连接上塞伯坦星球}
